<html>
<head>
<title>TestNG:  Regression Test chrome</title>
<link href="../testng.css" rel="stylesheet" type="text/css" />
<link href="../my-testng.css" rel="stylesheet" type="text/css" />

<style type="text/css">
.log { display: none;} 
.stack-trace { display: none;} 
</style>
<script type="text/javascript">
<!--
function flip(e) {
  current = e.style.display;
  if (current == 'block') {
    e.style.display = 'none';
    return 0;
  }
  else {
    e.style.display = 'block';
    return 1;
  }
}

function toggleBox(szDivId, elem, msg1, msg2)
{
  var res = -1;  if (document.getElementById) {
    res = flip(document.getElementById(szDivId));
  }
  else if (document.all) {
    // this is the way old msie versions work
    res = flip(document.all[szDivId]);
  }
  if(elem) {
    if(res == 0) elem.innerHTML = msg1; else elem.innerHTML = msg2;
  }

}

function toggleAllBoxes() {
  if (document.getElementsByTagName) {
    d = document.getElementsByTagName('div');
    for (i = 0; i < d.length; i++) {
      if (d[i].className == 'log') {
        flip(d[i]);
      }
    }
  }
}

// -->
</script>

</head>
<body>
<h2 align='center'>Regression Test chrome</h2><table border='1' align="center">
<tr>
<td>Tests passed/Failed/Skipped:</td><td>26/3/0</td>
</tr><tr>
<td>Started on:</td><td>Sun Jun 21 17:29:10 EDT 2020</td>
</tr>
<tr><td>Total time:</td><td>350 seconds (350394 ms)</td>
</tr><tr>
<td>Included groups:</td><td></td>
</tr><tr>
<td>Excluded groups:</td><td>commercial home </td>
</tr>
</table><p/>
<small><i>(Hover the method name to see the test class name)</i></small><p/>
<table width='100%' border='1' class='invocation-failed'>
<tr><td colspan='4' align='center'><b>FAILED TESTS</b></td></tr>
<tr><td><b>Test method</b></td>
<td width="30%"><b>Exception</b></td>
<td width="10%"><b>Time (seconds)</b></td>
<td><b>Instance</b></td>
</tr>
<tr>
<td title='Testcases.HomePageTest.checkCNCHoverOptions()'><b>checkCNCHoverOptions</b><br>Test class: Testcases.HomePageTest<br>Parameters: National Footprint, SunTrust National Presence & Locations</td>
<td><div><pre>java.lang.AssertionError: expected [true] but found [false]
	at Testcases.HomePageTest.checkCNCHoverOptions(HomePageTest.java:46)
	at java.util.ArrayList.forEach(ArrayList.java:1257)
... Removed 31 stack frames</pre></div><a href='#' onClick='toggleBox("stack-trace1904273153", this, "Click to show all stack frames", "Click to hide stack frames")'>Click to show all stack frames</a>
<div class='stack-trace' id='stack-trace1904273153'><pre>java.lang.AssertionError: expected [true] but found [false]
	at org.testng.Assert.fail(Assert.java:97)
	at org.testng.Assert.failNotEquals(Assert.java:969)
	at org.testng.Assert.assertTrue(Assert.java:43)
	at org.testng.Assert.assertTrue(Assert.java:53)
	at Testcases.HomePageTest.checkCNCHoverOptions(HomePageTest.java:46)
	at sun.reflect.NativeMethodAccessorImpl.invoke0(Native Method)
	at sun.reflect.NativeMethodAccessorImpl.invoke(NativeMethodAccessorImpl.java:62)
	at sun.reflect.DelegatingMethodAccessorImpl.invoke(DelegatingMethodAccessorImpl.java:43)
	at java.lang.reflect.Method.invoke(Method.java:498)
	at org.testng.internal.MethodInvocationHelper.invokeMethod(MethodInvocationHelper.java:134)
	at org.testng.internal.TestInvoker.invokeMethod(TestInvoker.java:597)
	at org.testng.internal.TestInvoker.invokeTestMethod(TestInvoker.java:173)
	at org.testng.internal.MethodRunner.runInSequence(MethodRunner.java:46)
	at org.testng.internal.TestInvoker$MethodInvocationAgent.invoke(TestInvoker.java:816)
	at org.testng.internal.TestInvoker.invokeTestMethods(TestInvoker.java:146)
	at org.testng.internal.TestMethodWorker.invokeTestMethods(TestMethodWorker.java:146)
	at org.testng.internal.TestMethodWorker.run(TestMethodWorker.java:128)
	at java.util.ArrayList.forEach(ArrayList.java:1257)
	at org.testng.TestRunner.privateRun(TestRunner.java:766)
	at org.testng.TestRunner.run(TestRunner.java:587)
	at org.testng.SuiteRunner.runTest(SuiteRunner.java:384)
	at org.testng.SuiteRunner.runSequentially(SuiteRunner.java:378)
	at org.testng.SuiteRunner.privateRun(SuiteRunner.java:337)
	at org.testng.SuiteRunner.run(SuiteRunner.java:286)
	at org.testng.SuiteRunnerWorker.runSuite(SuiteRunnerWorker.java:53)
	at org.testng.SuiteRunnerWorker.run(SuiteRunnerWorker.java:96)
	at org.testng.TestNG.runSuitesSequentially(TestNG.java:1187)
	at org.testng.TestNG.runSuitesLocally(TestNG.java:1109)
	at org.testng.TestNG.runSuites(TestNG.java:1039)
	at org.testng.TestNG.run(TestNG.java:1007)
	at org.testng.remote.AbstractRemoteTestNG.run(AbstractRemoteTestNG.java:115)
	at org.testng.remote.RemoteTestNG.initAndRun(RemoteTestNG.java:251)
	at org.testng.remote.RemoteTestNG.main(RemoteTestNG.java:77)
</pre></div></td>
<td>5</td>
<td>Testcases.HomePageTest@34c4973</td></tr>
<tr>
<td title='Testcases.HomePageTest.checkCNCHoverOptions()'><b>checkCNCHoverOptions</b><br>Test class: Testcases.HomePageTest<br>Parameters: Investment Banking Services, Investment Banking Services Products | SunTrust Corporate Banking</td>
<td><div><pre>java.lang.AssertionError: expected [true] but found [false]
	at Testcases.HomePageTest.checkCNCHoverOptions(HomePageTest.java:46)
	at java.util.ArrayList.forEach(ArrayList.java:1257)
... Removed 31 stack frames</pre></div><a href='#' onClick='toggleBox("stack-trace1441014857", this, "Click to show all stack frames", "Click to hide stack frames")'>Click to show all stack frames</a>
<div class='stack-trace' id='stack-trace1441014857'><pre>java.lang.AssertionError: expected [true] but found [false]
	at org.testng.Assert.fail(Assert.java:97)
	at org.testng.Assert.failNotEquals(Assert.java:969)
	at org.testng.Assert.assertTrue(Assert.java:43)
	at org.testng.Assert.assertTrue(Assert.java:53)
	at Testcases.HomePageTest.checkCNCHoverOptions(HomePageTest.java:46)
	at sun.reflect.NativeMethodAccessorImpl.invoke0(Native Method)
	at sun.reflect.NativeMethodAccessorImpl.invoke(NativeMethodAccessorImpl.java:62)
	at sun.reflect.DelegatingMethodAccessorImpl.invoke(DelegatingMethodAccessorImpl.java:43)
	at java.lang.reflect.Method.invoke(Method.java:498)
	at org.testng.internal.MethodInvocationHelper.invokeMethod(MethodInvocationHelper.java:134)
	at org.testng.internal.TestInvoker.invokeMethod(TestInvoker.java:597)
	at org.testng.internal.TestInvoker.invokeTestMethod(TestInvoker.java:173)
	at org.testng.internal.MethodRunner.runInSequence(MethodRunner.java:46)
	at org.testng.internal.TestInvoker$MethodInvocationAgent.invoke(TestInvoker.java:816)
	at org.testng.internal.TestInvoker.invokeTestMethods(TestInvoker.java:146)
	at org.testng.internal.TestMethodWorker.invokeTestMethods(TestMethodWorker.java:146)
	at org.testng.internal.TestMethodWorker.run(TestMethodWorker.java:128)
	at java.util.ArrayList.forEach(ArrayList.java:1257)
	at org.testng.TestRunner.privateRun(TestRunner.java:766)
	at org.testng.TestRunner.run(TestRunner.java:587)
	at org.testng.SuiteRunner.runTest(SuiteRunner.java:384)
	at org.testng.SuiteRunner.runSequentially(SuiteRunner.java:378)
	at org.testng.SuiteRunner.privateRun(SuiteRunner.java:337)
	at org.testng.SuiteRunner.run(SuiteRunner.java:286)
	at org.testng.SuiteRunnerWorker.runSuite(SuiteRunnerWorker.java:53)
	at org.testng.SuiteRunnerWorker.run(SuiteRunnerWorker.java:96)
	at org.testng.TestNG.runSuitesSequentially(TestNG.java:1187)
	at org.testng.TestNG.runSuitesLocally(TestNG.java:1109)
	at org.testng.TestNG.runSuites(TestNG.java:1039)
	at org.testng.TestNG.run(TestNG.java:1007)
	at org.testng.remote.AbstractRemoteTestNG.run(AbstractRemoteTestNG.java:115)
	at org.testng.remote.RemoteTestNG.initAndRun(RemoteTestNG.java:251)
	at org.testng.remote.RemoteTestNG.main(RemoteTestNG.java:77)
</pre></div></td>
<td>6</td>
<td>Testcases.HomePageTest@34c4973</td></tr>
<tr>
<td title='Testcases.HomePageTest.checkCNCHoverOptions()'><b>checkCNCHoverOptions</b><br>Test class: Testcases.HomePageTest<br>Parameters: Escrow & Reinsurance, Escrow Reinsurance Expertise | SunTrust Corporate Banking</td>
<td><div><pre>java.lang.AssertionError: expected [true] but found [false]
	at Testcases.HomePageTest.checkCNCHoverOptions(HomePageTest.java:46)
	at java.util.ArrayList.forEach(ArrayList.java:1257)
... Removed 31 stack frames</pre></div><a href='#' onClick='toggleBox("stack-trace1624510452", this, "Click to show all stack frames", "Click to hide stack frames")'>Click to show all stack frames</a>
<div class='stack-trace' id='stack-trace1624510452'><pre>java.lang.AssertionError: expected [true] but found [false]
	at org.testng.Assert.fail(Assert.java:97)
	at org.testng.Assert.failNotEquals(Assert.java:969)
	at org.testng.Assert.assertTrue(Assert.java:43)
	at org.testng.Assert.assertTrue(Assert.java:53)
	at Testcases.HomePageTest.checkCNCHoverOptions(HomePageTest.java:46)
	at sun.reflect.NativeMethodAccessorImpl.invoke0(Native Method)
	at sun.reflect.NativeMethodAccessorImpl.invoke(NativeMethodAccessorImpl.java:62)
	at sun.reflect.DelegatingMethodAccessorImpl.invoke(DelegatingMethodAccessorImpl.java:43)
	at java.lang.reflect.Method.invoke(Method.java:498)
	at org.testng.internal.MethodInvocationHelper.invokeMethod(MethodInvocationHelper.java:134)
	at org.testng.internal.TestInvoker.invokeMethod(TestInvoker.java:597)
	at org.testng.internal.TestInvoker.invokeTestMethod(TestInvoker.java:173)
	at org.testng.internal.MethodRunner.runInSequence(MethodRunner.java:46)
	at org.testng.internal.TestInvoker$MethodInvocationAgent.invoke(TestInvoker.java:816)
	at org.testng.internal.TestInvoker.invokeTestMethods(TestInvoker.java:146)
	at org.testng.internal.TestMethodWorker.invokeTestMethods(TestMethodWorker.java:146)
	at org.testng.internal.TestMethodWorker.run(TestMethodWorker.java:128)
	at java.util.ArrayList.forEach(ArrayList.java:1257)
	at org.testng.TestRunner.privateRun(TestRunner.java:766)
	at org.testng.TestRunner.run(TestRunner.java:587)
	at org.testng.SuiteRunner.runTest(SuiteRunner.java:384)
	at org.testng.SuiteRunner.runSequentially(SuiteRunner.java:378)
	at org.testng.SuiteRunner.privateRun(SuiteRunner.java:337)
	at org.testng.SuiteRunner.run(SuiteRunner.java:286)
	at org.testng.SuiteRunnerWorker.runSuite(SuiteRunnerWorker.java:53)
	at org.testng.SuiteRunnerWorker.run(SuiteRunnerWorker.java:96)
	at org.testng.TestNG.runSuitesSequentially(TestNG.java:1187)
	at org.testng.TestNG.runSuitesLocally(TestNG.java:1109)
	at org.testng.TestNG.runSuites(TestNG.java:1039)
	at org.testng.TestNG.run(TestNG.java:1007)
	at org.testng.remote.AbstractRemoteTestNG.run(AbstractRemoteTestNG.java:115)
	at org.testng.remote.RemoteTestNG.initAndRun(RemoteTestNG.java:251)
	at org.testng.remote.RemoteTestNG.main(RemoteTestNG.java:77)
</pre></div></td>
<td>6</td>
<td>Testcases.HomePageTest@34c4973</td></tr>
</table><p>
<table width='100%' border='1' class='invocation-passed'>
<tr><td colspan='4' align='center'><b>PASSED TESTS</b></td></tr>
<tr><td><b>Test method</b></td>
<td width="30%"><b>Exception</b></td>
<td width="10%"><b>Time (seconds)</b></td>
<td><b>Instance</b></td>
</tr>
<tr>
<td title='Testcases.HomePageTest.checkCNCHoverOptions()'><b>checkCNCHoverOptions</b><br>Test class: Testcases.HomePageTest<br>Parameters: SunTrust Advantage, SunTrust OneTeam Financial Advantage | SunTrust Corporate Banking</td>
<td></td>
<td>5</td>
<td>Testcases.HomePageTest@34c4973</td></tr>
<tr>
<td title='Testcases.HomePageTest.checkCNCHoverOptions()'><b>checkCNCHoverOptions</b><br>Test class: Testcases.HomePageTest<br>Parameters: Leadership, SunTrust Corporate Leadership Team | SunTrust Corporate Banking</td>
<td></td>
<td>5</td>
<td>Testcases.HomePageTest@34c4973</td></tr>
<tr>
<td title='Testcases.HomePageTest.checkCNCHoverOptions()'><b>checkCNCHoverOptions</b><br>Test class: Testcases.HomePageTest<br>Parameters: How We Work, Customized Commercial & Business Banking Services | SunTrust Corporate Banking</td>
<td></td>
<td>5</td>
<td>Testcases.HomePageTest@34c4973</td></tr>
<tr>
<td title='Testcases.HomePageTest.checkCNCHoverOptions()'><b>checkCNCHoverOptions</b><br>Test class: Testcases.HomePageTest<br>Parameters: Products & Services, Corporate Banking Products & Services | SunTrust Corporate Banking</td>
<td></td>
<td>5</td>
<td>Testcases.HomePageTest@34c4973</td></tr>
<tr>
<td title='Testcases.HomePageTest.checkCNCHoverOptions()'><b>checkCNCHoverOptions</b><br>Test class: Testcases.HomePageTest<br>Parameters: Credit and Financing, Corporate and Commercial Financing and Credit | SunTrust Corporate Banking</td>
<td></td>
<td>6</td>
<td>Testcases.HomePageTest@34c4973</td></tr>
<tr>
<td title='Testcases.HomePageTest.checkCNCHoverOptions()'><b>checkCNCHoverOptions</b><br>Test class: Testcases.HomePageTest<br>Parameters: Treasury Management, Treasury Management and Services | SunTrust Corporate Banking</td>
<td></td>
<td>5</td>
<td>Testcases.HomePageTest@34c4973</td></tr>
<tr>
<td title='Testcases.HomePageTest.checkCNCHoverOptions()'><b>checkCNCHoverOptions</b><br>Test class: Testcases.HomePageTest<br>Parameters: Business Transition, Business Transition Planning and Services | SunTrust Corporate Banking</td>
<td></td>
<td>5</td>
<td>Testcases.HomePageTest@34c4973</td></tr>
<tr>
<td title='Testcases.HomePageTest.checkCNCHoverOptions()'><b>checkCNCHoverOptions</b><br>Test class: Testcases.HomePageTest<br>Parameters: Capital Markets, Raising Capital | SunTrust Corporate Banking</td>
<td></td>
<td>6</td>
<td>Testcases.HomePageTest@34c4973</td></tr>
<tr>
<td title='Testcases.HomePageTest.checkCNCHoverOptions()'><b>checkCNCHoverOptions</b><br>Test class: Testcases.HomePageTest<br>Parameters: Commercial Real Estate Banking, Home | SunTrust Commercial Real Estate</td>
<td></td>
<td>6</td>
<td>Testcases.HomePageTest@34c4973</td></tr>
<tr>
<td title='Testcases.HomePageTest.checkCNCHoverOptions()'><b>checkCNCHoverOptions</b><br>Test class: Testcases.HomePageTest<br>Parameters: International Solutions, International Banking Services | SunTrust Corporate Banking</td>
<td></td>
<td>5</td>
<td>Testcases.HomePageTest@34c4973</td></tr>
<tr>
<td title='Testcases.HomePageTest.checkCNCHoverOptions()'><b>checkCNCHoverOptions</b><br>Test class: Testcases.HomePageTest<br>Parameters: Employee Benefit Solutions, Employee Benefit Consultants | SunTrust Corporate Banking</td>
<td></td>
<td>5</td>
<td>Testcases.HomePageTest@34c4973</td></tr>
<tr>
<td title='Testcases.HomePageTest.checkCNCHoverOptions()'><b>checkCNCHoverOptions</b><br>Test class: Testcases.HomePageTest<br>Parameters: Risk Management, Commercial Risk Management | SunTrust Corporate Banking</td>
<td></td>
<td>5</td>
<td>Testcases.HomePageTest@34c4973</td></tr>
<tr>
<td title='Testcases.HomePageTest.checkCNCHoverOptions()'><b>checkCNCHoverOptions</b><br>Test class: Testcases.HomePageTest<br>Parameters: Industry Expertise, Specialty Industry Expertise | SunTrust Corporate Banking</td>
<td></td>
<td>7</td>
<td>Testcases.HomePageTest@34c4973</td></tr>
<tr>
<td title='Testcases.HomePageTest.checkCNCHoverOptions()'><b>checkCNCHoverOptions</b><br>Test class: Testcases.HomePageTest<br>Parameters: Investment Banking Coverage, Investment Banking Advisory for Industries | SunTrust Corporate Banking</td>
<td></td>
<td>6</td>
<td>Testcases.HomePageTest@34c4973</td></tr>
<tr>
<td title='Testcases.HomePageTest.checkCNCHoverOptions()'><b>checkCNCHoverOptions</b><br>Test class: Testcases.HomePageTest<br>Parameters: Senior Care, Financial Solutions for Senior Care | SunTrust Corporate Banking</td>
<td></td>
<td>5</td>
<td>Testcases.HomePageTest@34c4973</td></tr>
<tr>
<td title='Testcases.HomePageTest.checkCNCHoverOptions()'><b>checkCNCHoverOptions</b><br>Test class: Testcases.HomePageTest<br>Parameters: Associations and Charities (NFP), Non Profit Associations and Charities Banking | SunTrust Corporate Banking</td>
<td></td>
<td>5</td>
<td>Testcases.HomePageTest@34c4973</td></tr>
<tr>
<td title='Testcases.HomePageTest.checkCNCHoverOptions()'><b>checkCNCHoverOptions</b><br>Test class: Testcases.HomePageTest<br>Parameters: Auto Dealers, Auto Dealership Banking Solutions | SunTrust Corporate Banking</td>
<td></td>
<td>6</td>
<td>Testcases.HomePageTest@34c4973</td></tr>
<tr>
<td title='Testcases.HomePageTest.checkCNCHoverOptions()'><b>checkCNCHoverOptions</b><br>Test class: Testcases.HomePageTest<br>Parameters: Commercial Real Estate, Commercial Real Estate Investing | SunTrust Corporate Banking</td>
<td></td>
<td>5</td>
<td>Testcases.HomePageTest@34c4973</td></tr>
<tr>
<td title='Testcases.HomePageTest.checkCNCHoverOptions()'><b>checkCNCHoverOptions</b><br>Test class: Testcases.HomePageTest<br>Parameters: Education, Education Banking Solutions | SunTrust Corporate Banking</td>
<td></td>
<td>5</td>
<td>Testcases.HomePageTest@34c4973</td></tr>
<tr>
<td title='Testcases.HomePageTest.checkCNCHoverOptions()'><b>checkCNCHoverOptions</b><br>Test class: Testcases.HomePageTest<br>Parameters: Food and Agribusiness, Food & Agribusiness Finance | SunTrust Corporate Banking</td>
<td></td>
<td>5</td>
<td>Testcases.HomePageTest@34c4973</td></tr>
<tr>
<td title='Testcases.HomePageTest.checkCNCHoverOptions()'><b>checkCNCHoverOptions</b><br>Test class: Testcases.HomePageTest<br>Parameters: Foundations and Endowments, Foundations and Endowments</td>
<td></td>
<td>6</td>
<td>Testcases.HomePageTest@34c4973</td></tr>
<tr>
<td title='Testcases.HomePageTest.checkCNCHoverOptions()'><b>checkCNCHoverOptions</b><br>Test class: Testcases.HomePageTest<br>Parameters: Governments and Municipalities, Governments and Municipalities | SunTrust Corporate Banking</td>
<td></td>
<td>5</td>
<td>Testcases.HomePageTest@34c4973</td></tr>
<tr>
<td title='Testcases.HomePageTest.checkCNCHoverOptions()'><b>checkCNCHoverOptions</b><br>Test class: Testcases.HomePageTest<br>Parameters: Healthcare, Healthcare Financial Services | SunTrust Corporate Banking</td>
<td></td>
<td>5</td>
<td>Testcases.HomePageTest@34c4973</td></tr>
<tr>
<td title='Testcases.HomePageTest.checkCNCHoverOptions()'><b>checkCNCHoverOptions</b><br>Test class: Testcases.HomePageTest<br>Parameters: Logistics & Supply Chain, Transport and Logistics Investment Banking | SunTrust Corporate Banking</td>
<td></td>
<td>5</td>
<td>Testcases.HomePageTest@34c4973</td></tr>
<tr>
<td title='Testcases.HomePageTest.checkCNCHoverOptions()'><b>checkCNCHoverOptions</b><br>Test class: Testcases.HomePageTest<br>Parameters: Multi-Unit Retail, Multi-Unit Retail Finance | SunTrust Corporate Banking</td>
<td></td>
<td>5</td>
<td>Testcases.HomePageTest@34c4973</td></tr>
<tr>
<td title='Testcases.HomePageTest.checkCNCHoverOptions()'><b>checkCNCHoverOptions</b><br>Test class: Testcases.HomePageTest<br>Parameters: Access your Treasury Account, Treasury and Payments Solutions</td>
<td></td>
<td>5</td>
<td>Testcases.HomePageTest@34c4973</td></tr>
</table><p>
</body>
</html>