<?xml version="1.0" encoding="UTF-8"?>
<!-- Generated by org.testng.reporters.JUnitXMLReporter -->
<testsuite hostname="Chriss-MacBook-Pro.local" ignored="2" name="Regression Test chrome" tests="29" failures="3" timestamp="2020-06-21T17:35:01 EDT" time="350.394" errors="0">
  <testcase name="checkCNCHoverOptions" time="5.933" classname="Testcases.HomePageTest"/>
  <testcase name="checkCNCHoverOptions" time="5.915" classname="Testcases.HomePageTest"/>
  <testcase name="checkCNCHoverOptions" time="5.954" classname="Testcases.HomePageTest"/>
  <testcase name="checkCNCHoverOptions" time="5.98" classname="Testcases.HomePageTest">
    <failure type="java.lang.AssertionError" message="expected [true] but found [false]">
      <![CDATA[java.lang.AssertionError: expected [true] but found [false]
at Testcases.HomePageTest.checkCNCHoverOptions(HomePageTest.java:46)
at java.util.ArrayList.forEach(ArrayList.java:1257)
... Removed 31 stack frames]]>
    </failure>
  </testcase> <!-- checkCNCHoverOptions -->
  <testcase name="checkCNCHoverOptions" time="5.767" classname="Testcases.HomePageTest"/>
  <testcase name="checkCNCHoverOptions" time="6.24" classname="Testcases.HomePageTest"/>
  <testcase name="checkCNCHoverOptions" time="5.913" classname="Testcases.HomePageTest"/>
  <testcase name="checkCNCHoverOptions" time="5.972" classname="Testcases.HomePageTest"/>
  <testcase name="checkCNCHoverOptions" time="6.513" classname="Testcases.HomePageTest"/>
  <testcase name="checkCNCHoverOptions" time="6.288" classname="Testcases.HomePageTest"/>
  <testcase name="checkCNCHoverOptions" time="5.941" classname="Testcases.HomePageTest"/>
  <testcase name="checkCNCHoverOptions" time="6.018" classname="Testcases.HomePageTest">
    <failure type="java.lang.AssertionError" message="expected [true] but found [false]">
      <![CDATA[java.lang.AssertionError: expected [true] but found [false]
at Testcases.HomePageTest.checkCNCHoverOptions(HomePageTest.java:46)
at java.util.ArrayList.forEach(ArrayList.java:1257)
... Removed 31 stack frames]]>
    </failure>
  </testcase> <!-- checkCNCHoverOptions -->
  <testcase name="checkCNCHoverOptions" time="5.782" classname="Testcases.HomePageTest"/>
  <testcase name="checkCNCHoverOptions" time="6.446" classname="Testcases.HomePageTest">
    <failure type="java.lang.AssertionError" message="expected [true] but found [false]">
      <![CDATA[java.lang.AssertionError: expected [true] but found [false]
at Testcases.HomePageTest.checkCNCHoverOptions(HomePageTest.java:46)
at java.util.ArrayList.forEach(ArrayList.java:1257)
... Removed 31 stack frames]]>
    </failure>
  </testcase> <!-- checkCNCHoverOptions -->
  <testcase name="checkCNCHoverOptions" time="5.919" classname="Testcases.HomePageTest"/>
  <testcase name="checkCNCHoverOptions" time="7.031" classname="Testcases.HomePageTest"/>
  <testcase name="checkCNCHoverOptions" time="6.381" classname="Testcases.HomePageTest"/>
  <testcase name="checkCNCHoverOptions" time="5.912" classname="Testcases.HomePageTest"/>
  <testcase name="checkCNCHoverOptions" time="5.854" classname="Testcases.HomePageTest"/>
  <testcase name="checkCNCHoverOptions" time="6.3" classname="Testcases.HomePageTest"/>
  <testcase name="checkCNCHoverOptions" time="5.824" classname="Testcases.HomePageTest"/>
  <testcase name="checkCNCHoverOptions" time="5.905" classname="Testcases.HomePageTest"/>
  <testcase name="checkCNCHoverOptions" time="5.794" classname="Testcases.HomePageTest"/>
  <testcase name="checkCNCHoverOptions" time="6.357" classname="Testcases.HomePageTest"/>
  <testcase name="checkCNCHoverOptions" time="5.816" classname="Testcases.HomePageTest"/>
  <testcase name="checkCNCHoverOptions" time="5.898" classname="Testcases.HomePageTest"/>
  <testcase name="checkCNCHoverOptions" time="5.793" classname="Testcases.HomePageTest"/>
  <testcase name="checkCNCHoverOptions" time="5.813" classname="Testcases.HomePageTest"/>
  <testcase name="checkCNCHoverOptions" time="5.895" classname="Testcases.HomePageTest"/>
  <testcase name="getHomePageLinks" time="0.0" classname="Testcases.HomePageTest">
    <ignored/>
  </testcase> <!-- getHomePageLinks -->
  <testcase name="verifyCNCPageTitleTest" time="0.0" classname="Testcases.CNCPageTest">
    <ignored/>
  </testcase> <!-- verifyCNCPageTitleTest -->
</testsuite> <!-- Regression Test chrome -->
