<?xml version="1.0" encoding="UTF-8"?>
<testng-results skipped="0" failed="0" ignored="2" retried="2" total="9" passed="5">
  <reporter-output>
  </reporter-output>
  <suite name="Regression Suite" duration-ms="105721" started-at="2020-07-05T22:12:47 EDT" finished-at="2020-07-05T22:14:33 EDT">
    <groups>
      <group name="home">
        <method signature="HomePageTest.getHomePageLinksAmountTest()[pri:0, instance:Testcases.HomePageTest@516be40f]" name="getHomePageLinksAmountTest" class="Testcases.HomePageTest"/>
      </group> <!-- home -->
    </groups>
    <test name="Regression Test chrome" duration-ms="105721" started-at="2020-07-05T22:12:47 EDT" finished-at="2020-07-05T22:14:33 EDT">
      <class name="Testcases.HomePageTest">
        <test-method status="PASS" signature="initialize(java.lang.String, java.lang.String)[pri:0, instance:Testcases.HomePageTest@516be40f]" name="initialize" is-config="true" duration-ms="7828" started-at="2020-07-05T22:12:48 EDT" finished-at="2020-07-05T22:12:55 EDT">
          <params>
            <param index="0">
              <value>
                <![CDATA[chrome]]>
              </value>
            </param>
            <param index="1">
              <value>
                <![CDATA[https://www.suntrust.com/]]>
              </value>
            </param>
          </params>
          <reporter-output>
          </reporter-output>
        </test-method> <!-- initialize -->
        <test-method status="PASS" signature="setup()[pri:0, instance:Testcases.HomePageTest@516be40f]" name="setup" is-config="true" duration-ms="13" started-at="2020-07-05T22:12:55 EDT" finished-at="2020-07-05T22:12:55 EDT">
          <reporter-output>
          </reporter-output>
        </test-method> <!-- setup -->
        <test-method status="PASS" signature="getHomePageLinksAmountTest()[pri:0, instance:Testcases.HomePageTest@516be40f]" name="getHomePageLinksAmountTest" duration-ms="195" started-at="2020-07-05T22:12:55 EDT" finished-at="2020-07-05T22:12:56 EDT">
          <reporter-output>
          </reporter-output>
        </test-method> <!-- getHomePageLinksAmountTest -->
        <test-method status="PASS" signature="teardown()[pri:0, instance:Testcases.HomePageTest@516be40f]" name="teardown" is-config="true" duration-ms="81" started-at="2020-07-05T22:12:56 EDT" finished-at="2020-07-05T22:12:56 EDT">
          <reporter-output>
          </reporter-output>
        </test-method> <!-- teardown -->
        <test-method status="PASS" signature="initialize(java.lang.String, java.lang.String)[pri:0, instance:Testcases.HomePageTest@516be40f]" name="initialize" is-config="true" duration-ms="4427" started-at="2020-07-05T22:12:56 EDT" finished-at="2020-07-05T22:13:00 EDT">
          <params>
            <param index="0">
              <value>
                <![CDATA[chrome]]>
              </value>
            </param>
            <param index="1">
              <value>
                <![CDATA[https://www.suntrust.com/]]>
              </value>
            </param>
          </params>
          <reporter-output>
          </reporter-output>
        </test-method> <!-- initialize -->
        <test-method status="PASS" signature="setup()[pri:0, instance:Testcases.HomePageTest@516be40f]" name="setup" is-config="true" duration-ms="1" started-at="2020-07-05T22:13:00 EDT" finished-at="2020-07-05T22:13:00 EDT">
          <reporter-output>
          </reporter-output>
        </test-method> <!-- setup -->
        <test-method status="PASS" signature="verifySignOnMenuOpensTest()[pri:0, instance:Testcases.HomePageTest@516be40f]" name="verifySignOnMenuOpensTest" duration-ms="707" started-at="2020-07-05T22:13:00 EDT" finished-at="2020-07-05T22:13:01 EDT">
          <reporter-output>
          </reporter-output>
        </test-method> <!-- verifySignOnMenuOpensTest -->
        <test-method status="PASS" signature="teardown()[pri:0, instance:Testcases.HomePageTest@516be40f]" name="teardown" is-config="true" duration-ms="82" started-at="2020-07-05T22:13:01 EDT" finished-at="2020-07-05T22:13:01 EDT">
          <reporter-output>
          </reporter-output>
        </test-method> <!-- teardown -->
        <test-method status="PASS" signature="initialize(java.lang.String, java.lang.String)[pri:0, instance:Testcases.HomePageTest@516be40f]" name="initialize" is-config="true" duration-ms="5119" started-at="2020-07-05T22:13:01 EDT" finished-at="2020-07-05T22:13:06 EDT">
          <params>
            <param index="0">
              <value>
                <![CDATA[chrome]]>
              </value>
            </param>
            <param index="1">
              <value>
                <![CDATA[https://www.suntrust.com/]]>
              </value>
            </param>
          </params>
          <reporter-output>
          </reporter-output>
        </test-method> <!-- initialize -->
        <test-method status="PASS" signature="setup()[pri:0, instance:Testcases.HomePageTest@516be40f]" name="setup" is-config="true" duration-ms="0" started-at="2020-07-05T22:13:06 EDT" finished-at="2020-07-05T22:13:06 EDT">
          <reporter-output>
          </reporter-output>
        </test-method> <!-- setup -->
        <test-method status="PASS" signature="verifySmallBusiness_CCOptionTitleTest()[pri:0, instance:Testcases.HomePageTest@516be40f]" name="verifySmallBusiness_CCOptionTitleTest" duration-ms="4768" started-at="2020-07-05T22:13:06 EDT" finished-at="2020-07-05T22:13:11 EDT">
          <reporter-output>
          </reporter-output>
        </test-method> <!-- verifySmallBusiness_CCOptionTitleTest -->
        <test-method status="PASS" signature="teardown()[pri:0, instance:Testcases.HomePageTest@516be40f]" name="teardown" is-config="true" duration-ms="93" started-at="2020-07-05T22:13:11 EDT" finished-at="2020-07-05T22:13:11 EDT">
          <reporter-output>
          </reporter-output>
        </test-method> <!-- teardown -->
        <test-method status="PASS" signature="initialize(java.lang.String, java.lang.String)[pri:0, instance:Testcases.HomePageTest@516be40f]" name="initialize" is-config="true" duration-ms="3956" started-at="2020-07-05T22:13:11 EDT" finished-at="2020-07-05T22:13:15 EDT">
          <params>
            <param index="0">
              <value>
                <![CDATA[chrome]]>
              </value>
            </param>
            <param index="1">
              <value>
                <![CDATA[https://www.suntrust.com/]]>
              </value>
            </param>
          </params>
          <reporter-output>
          </reporter-output>
        </test-method> <!-- initialize -->
        <test-method status="PASS" signature="setup()[pri:0, instance:Testcases.HomePageTest@516be40f]" name="setup" is-config="true" duration-ms="1" started-at="2020-07-05T22:13:15 EDT" finished-at="2020-07-05T22:13:15 EDT">
          <reporter-output>
          </reporter-output>
        </test-method> <!-- setup -->
        <test-method status="PASS" signature="verifySmallBusiness_CashMngmntOptionTitleTest()[pri:0, instance:Testcases.HomePageTest@516be40f]" name="verifySmallBusiness_CashMngmntOptionTitleTest" duration-ms="4271" started-at="2020-07-05T22:13:15 EDT" finished-at="2020-07-05T22:13:19 EDT">
          <reporter-output>
          </reporter-output>
        </test-method> <!-- verifySmallBusiness_CashMngmntOptionTitleTest -->
        <test-method status="PASS" signature="teardown()[pri:0, instance:Testcases.HomePageTest@516be40f]" name="teardown" is-config="true" duration-ms="94" started-at="2020-07-05T22:13:19 EDT" finished-at="2020-07-05T22:13:19 EDT">
          <reporter-output>
          </reporter-output>
        </test-method> <!-- teardown -->
        <test-method status="PASS" signature="initialize(java.lang.String, java.lang.String)[pri:0, instance:Testcases.HomePageTest@516be40f]" name="initialize" is-config="true" duration-ms="5151" started-at="2020-07-05T22:13:19 EDT" finished-at="2020-07-05T22:13:24 EDT">
          <params>
            <param index="0">
              <value>
                <![CDATA[chrome]]>
              </value>
            </param>
            <param index="1">
              <value>
                <![CDATA[https://www.suntrust.com/]]>
              </value>
            </param>
          </params>
          <reporter-output>
          </reporter-output>
        </test-method> <!-- initialize -->
        <test-method status="PASS" signature="setup()[pri:0, instance:Testcases.HomePageTest@516be40f]" name="setup" is-config="true" duration-ms="1" started-at="2020-07-05T22:13:24 EDT" finished-at="2020-07-05T22:13:24 EDT">
          <reporter-output>
          </reporter-output>
        </test-method> <!-- setup -->
        <test-method status="SKIP" signature="verifySmallBusiness_PayrollOptionTitleTest()[pri:0, instance:Testcases.HomePageTest@516be40f]" name="verifySmallBusiness_PayrollOptionTitleTest" duration-ms="31880" retried="true" started-at="2020-07-05T22:13:24 EDT" finished-at="2020-07-05T22:13:56 EDT">
          <exception class="org.openqa.selenium.TimeoutException">
            <message>
              <![CDATA[Expected condition failed: waiting for title to contain "Payroll". Current title: "SunTrust Bank | Personal, Mortgage and Small Business Banking" (tried for 20 second(s) with 500 milliseconds interval)
Build info: version: '3.141.59', revision: 'e82be7d358', time: '2018-11-14T08:17:03'
System info: host: 'Chriss-MacBook-Pro.local', ip: '2601:588:4200:c6c0:8827:a5da:daee:7999%en0', os.name: 'Mac OS X', os.arch: 'x86_64', os.version: '10.13.6', java.version: '1.8.0_231'
Driver info: org.openqa.selenium.support.events.EventFiringWebDriver
Capabilities {acceptInsecureCerts: false, browserName: chrome, browserVersion: 83.0.4103.116, chrome: {chromedriverVersion: 83.0.4103.39 (ccbf011cb2d2b..., userDataDir: /var/folders/5q/jcmjcy29617...}, goog:chromeOptions: {debuggerAddress: localhost:49494}, javascriptEnabled: true, networkConnectionEnabled: false, pageLoadStrategy: normal, platform: MAC, platformName: MAC, proxy: Proxy(), setWindowRect: true, strictFileInteractability: false, timeouts: {implicit: 0, pageLoad: 300000, script: 30000}, unhandledPromptBehavior: dismiss and notify, webauthn:virtualAuthenticators: true}
Session ID: d0e8439c8d7f850e06235e66c26e74d5]]>
            </message>
            <full-stacktrace>
              <![CDATA[org.openqa.selenium.TimeoutException: Expected condition failed: waiting for title to contain "Payroll". Current title: "SunTrust Bank | Personal, Mortgage and Small Business Banking" (tried for 20 second(s) with 500 milliseconds interval)
Build info: version: '3.141.59', revision: 'e82be7d358', time: '2018-11-14T08:17:03'
System info: host: 'Chriss-MacBook-Pro.local', ip: '2601:588:4200:c6c0:8827:a5da:daee:7999%en0', os.name: 'Mac OS X', os.arch: 'x86_64', os.version: '10.13.6', java.version: '1.8.0_231'
Driver info: org.openqa.selenium.support.events.EventFiringWebDriver
Capabilities {acceptInsecureCerts: false, browserName: chrome, browserVersion: 83.0.4103.116, chrome: {chromedriverVersion: 83.0.4103.39 (ccbf011cb2d2b..., userDataDir: /var/folders/5q/jcmjcy29617...}, goog:chromeOptions: {debuggerAddress: localhost:49494}, javascriptEnabled: true, networkConnectionEnabled: false, pageLoadStrategy: normal, platform: MAC, platformName: MAC, proxy: Proxy(), setWindowRect: true, strictFileInteractability: false, timeouts: {implicit: 0, pageLoad: 300000, script: 30000}, unhandledPromptBehavior: dismiss and notify, webauthn:virtualAuthenticators: true}
Session ID: d0e8439c8d7f850e06235e66c26e74d5
at org.openqa.selenium.support.ui.WebDriverWait.timeoutException(WebDriverWait.java:95)
at org.openqa.selenium.support.ui.FluentWait.until(FluentWait.java:272)
at pages.HomePage.checkSmallBusinessLinkOptions(HomePage.java:108)
at Testcases.HomePageTest.verifySmallBusiness_PayrollOptionTitleTest(HomePageTest.java:88)
at sun.reflect.NativeMethodAccessorImpl.invoke0(Native Method)
at sun.reflect.NativeMethodAccessorImpl.invoke(NativeMethodAccessorImpl.java:62)
at sun.reflect.DelegatingMethodAccessorImpl.invoke(DelegatingMethodAccessorImpl.java:43)
at java.lang.reflect.Method.invoke(Method.java:498)
at org.testng.internal.MethodInvocationHelper.invokeMethod(MethodInvocationHelper.java:133)
at org.testng.internal.TestInvoker.invokeMethod(TestInvoker.java:584)
at org.testng.internal.TestInvoker.invokeTestMethod(TestInvoker.java:172)
at org.testng.internal.MethodRunner.runInSequence(MethodRunner.java:46)
at org.testng.internal.TestInvoker$MethodInvocationAgent.invoke(TestInvoker.java:804)
at org.testng.internal.TestInvoker.invokeTestMethods(TestInvoker.java:145)
at org.testng.internal.TestMethodWorker.invokeTestMethods(TestMethodWorker.java:146)
at org.testng.internal.TestMethodWorker.run(TestMethodWorker.java:128)
at java.util.ArrayList.forEach(ArrayList.java:1257)
at org.testng.TestRunner.privateRun(TestRunner.java:770)
at org.testng.TestRunner.run(TestRunner.java:591)
at org.testng.SuiteRunner.runTest(SuiteRunner.java:402)
at org.testng.SuiteRunner.runSequentially(SuiteRunner.java:396)
at org.testng.SuiteRunner.privateRun(SuiteRunner.java:355)
at org.testng.SuiteRunner.run(SuiteRunner.java:304)
at org.testng.SuiteRunnerWorker.runSuite(SuiteRunnerWorker.java:53)
at org.testng.SuiteRunnerWorker.run(SuiteRunnerWorker.java:96)
at org.testng.TestNG.runSuitesSequentially(TestNG.java:1180)
at org.testng.TestNG.runSuitesLocally(TestNG.java:1102)
at org.testng.TestNG.runSuites(TestNG.java:1032)
at org.testng.TestNG.run(TestNG.java:1000)
at org.testng.remote.AbstractRemoteTestNG.run(AbstractRemoteTestNG.java:115)
at org.testng.remote.RemoteTestNG.initAndRun(RemoteTestNG.java:251)
at org.testng.remote.RemoteTestNG.main(RemoteTestNG.java:77)
]]>
            </full-stacktrace>
          </exception> <!-- org.openqa.selenium.TimeoutException -->
          <reporter-output>
          </reporter-output>
        </test-method> <!-- verifySmallBusiness_PayrollOptionTitleTest -->
        <test-method status="PASS" signature="teardown()[pri:0, instance:Testcases.HomePageTest@516be40f]" name="teardown" is-config="true" duration-ms="99" started-at="2020-07-05T22:13:56 EDT" finished-at="2020-07-05T22:13:56 EDT">
          <reporter-output>
          </reporter-output>
        </test-method> <!-- teardown -->
        <test-method status="PASS" signature="initialize(java.lang.String, java.lang.String)[pri:0, instance:Testcases.HomePageTest@516be40f]" name="initialize" is-config="true" duration-ms="4461" started-at="2020-07-05T22:13:56 EDT" finished-at="2020-07-05T22:14:01 EDT">
          <params>
            <param index="0">
              <value>
                <![CDATA[chrome]]>
              </value>
            </param>
            <param index="1">
              <value>
                <![CDATA[https://www.suntrust.com/]]>
              </value>
            </param>
          </params>
          <reporter-output>
          </reporter-output>
        </test-method> <!-- initialize -->
        <test-method status="PASS" signature="setup()[pri:0, instance:Testcases.HomePageTest@516be40f]" name="setup" is-config="true" duration-ms="0" started-at="2020-07-05T22:14:01 EDT" finished-at="2020-07-05T22:14:01 EDT">
          <reporter-output>
          </reporter-output>
        </test-method> <!-- setup -->
        <test-method status="SKIP" signature="verifySmallBusiness_PayrollOptionTitleTest()[pri:0, instance:Testcases.HomePageTest@516be40f]" name="verifySmallBusiness_PayrollOptionTitleTest" duration-ms="21032" retried="true" started-at="2020-07-05T22:14:01 EDT" finished-at="2020-07-05T22:14:22 EDT">
          <exception class="org.openqa.selenium.TimeoutException">
            <message>
              <![CDATA[Expected condition failed: waiting for title to contain "Payroll". Current title: "SunTrust Bank | Personal, Mortgage and Small Business Banking" (tried for 20 second(s) with 500 milliseconds interval)
Build info: version: '3.141.59', revision: 'e82be7d358', time: '2018-11-14T08:17:03'
System info: host: 'Chriss-MacBook-Pro.local', ip: '2601:588:4200:c6c0:8827:a5da:daee:7999%en0', os.name: 'Mac OS X', os.arch: 'x86_64', os.version: '10.13.6', java.version: '1.8.0_231'
Driver info: org.openqa.selenium.support.events.EventFiringWebDriver
Capabilities {acceptInsecureCerts: false, browserName: chrome, browserVersion: 83.0.4103.116, chrome: {chromedriverVersion: 83.0.4103.39 (ccbf011cb2d2b..., userDataDir: /var/folders/5q/jcmjcy29617...}, goog:chromeOptions: {debuggerAddress: localhost:49645}, javascriptEnabled: true, networkConnectionEnabled: false, pageLoadStrategy: normal, platform: MAC, platformName: MAC, proxy: Proxy(), setWindowRect: true, strictFileInteractability: false, timeouts: {implicit: 0, pageLoad: 300000, script: 30000}, unhandledPromptBehavior: dismiss and notify, webauthn:virtualAuthenticators: true}
Session ID: f764f14b05e7da8f561e7f24f772ceab]]>
            </message>
            <full-stacktrace>
              <![CDATA[org.openqa.selenium.TimeoutException: Expected condition failed: waiting for title to contain "Payroll". Current title: "SunTrust Bank | Personal, Mortgage and Small Business Banking" (tried for 20 second(s) with 500 milliseconds interval)
Build info: version: '3.141.59', revision: 'e82be7d358', time: '2018-11-14T08:17:03'
System info: host: 'Chriss-MacBook-Pro.local', ip: '2601:588:4200:c6c0:8827:a5da:daee:7999%en0', os.name: 'Mac OS X', os.arch: 'x86_64', os.version: '10.13.6', java.version: '1.8.0_231'
Driver info: org.openqa.selenium.support.events.EventFiringWebDriver
Capabilities {acceptInsecureCerts: false, browserName: chrome, browserVersion: 83.0.4103.116, chrome: {chromedriverVersion: 83.0.4103.39 (ccbf011cb2d2b..., userDataDir: /var/folders/5q/jcmjcy29617...}, goog:chromeOptions: {debuggerAddress: localhost:49645}, javascriptEnabled: true, networkConnectionEnabled: false, pageLoadStrategy: normal, platform: MAC, platformName: MAC, proxy: Proxy(), setWindowRect: true, strictFileInteractability: false, timeouts: {implicit: 0, pageLoad: 300000, script: 30000}, unhandledPromptBehavior: dismiss and notify, webauthn:virtualAuthenticators: true}
Session ID: f764f14b05e7da8f561e7f24f772ceab
at org.openqa.selenium.support.ui.WebDriverWait.timeoutException(WebDriverWait.java:95)
at org.openqa.selenium.support.ui.FluentWait.until(FluentWait.java:272)
at pages.HomePage.checkSmallBusinessLinkOptions(HomePage.java:108)
at Testcases.HomePageTest.verifySmallBusiness_PayrollOptionTitleTest(HomePageTest.java:88)
at sun.reflect.NativeMethodAccessorImpl.invoke0(Native Method)
at sun.reflect.NativeMethodAccessorImpl.invoke(NativeMethodAccessorImpl.java:62)
at sun.reflect.DelegatingMethodAccessorImpl.invoke(DelegatingMethodAccessorImpl.java:43)
at java.lang.reflect.Method.invoke(Method.java:498)
at org.testng.internal.MethodInvocationHelper.invokeMethod(MethodInvocationHelper.java:133)
at org.testng.internal.TestInvoker.invokeMethod(TestInvoker.java:584)
at org.testng.internal.TestInvoker.retryFailed(TestInvoker.java:204)
at org.testng.internal.MethodRunner.runInSequence(MethodRunner.java:58)
at org.testng.internal.TestInvoker$MethodInvocationAgent.invoke(TestInvoker.java:804)
at org.testng.internal.TestInvoker.invokeTestMethods(TestInvoker.java:145)
at org.testng.internal.TestMethodWorker.invokeTestMethods(TestMethodWorker.java:146)
at org.testng.internal.TestMethodWorker.run(TestMethodWorker.java:128)
at java.util.ArrayList.forEach(ArrayList.java:1257)
at org.testng.TestRunner.privateRun(TestRunner.java:770)
at org.testng.TestRunner.run(TestRunner.java:591)
at org.testng.SuiteRunner.runTest(SuiteRunner.java:402)
at org.testng.SuiteRunner.runSequentially(SuiteRunner.java:396)
at org.testng.SuiteRunner.privateRun(SuiteRunner.java:355)
at org.testng.SuiteRunner.run(SuiteRunner.java:304)
at org.testng.SuiteRunnerWorker.runSuite(SuiteRunnerWorker.java:53)
at org.testng.SuiteRunnerWorker.run(SuiteRunnerWorker.java:96)
at org.testng.TestNG.runSuitesSequentially(TestNG.java:1180)
at org.testng.TestNG.runSuitesLocally(TestNG.java:1102)
at org.testng.TestNG.runSuites(TestNG.java:1032)
at org.testng.TestNG.run(TestNG.java:1000)
at org.testng.remote.AbstractRemoteTestNG.run(AbstractRemoteTestNG.java:115)
at org.testng.remote.RemoteTestNG.initAndRun(RemoteTestNG.java:251)
at org.testng.remote.RemoteTestNG.main(RemoteTestNG.java:77)
]]>
            </full-stacktrace>
          </exception> <!-- org.openqa.selenium.TimeoutException -->
          <reporter-output>
          </reporter-output>
        </test-method> <!-- verifySmallBusiness_PayrollOptionTitleTest -->
        <test-method status="PASS" signature="teardown()[pri:0, instance:Testcases.HomePageTest@516be40f]" name="teardown" is-config="true" duration-ms="98" started-at="2020-07-05T22:14:22 EDT" finished-at="2020-07-05T22:14:22 EDT">
          <reporter-output>
          </reporter-output>
        </test-method> <!-- teardown -->
        <test-method status="PASS" signature="initialize(java.lang.String, java.lang.String)[pri:0, instance:Testcases.HomePageTest@516be40f]" name="initialize" is-config="true" duration-ms="5665" started-at="2020-07-05T22:14:22 EDT" finished-at="2020-07-05T22:14:28 EDT">
          <params>
            <param index="0">
              <value>
                <![CDATA[chrome]]>
              </value>
            </param>
            <param index="1">
              <value>
                <![CDATA[https://www.suntrust.com/]]>
              </value>
            </param>
          </params>
          <reporter-output>
          </reporter-output>
        </test-method> <!-- initialize -->
        <test-method status="PASS" signature="setup()[pri:0, instance:Testcases.HomePageTest@516be40f]" name="setup" is-config="true" duration-ms="1" started-at="2020-07-05T22:14:28 EDT" finished-at="2020-07-05T22:14:28 EDT">
          <reporter-output>
          </reporter-output>
        </test-method> <!-- setup -->
        <test-method status="PASS" signature="verifySmallBusiness_PayrollOptionTitleTest()[pri:0, instance:Testcases.HomePageTest@516be40f]" name="verifySmallBusiness_PayrollOptionTitleTest" duration-ms="5556" started-at="2020-07-05T22:14:28 EDT" finished-at="2020-07-05T22:14:33 EDT">
          <reporter-output>
          </reporter-output>
        </test-method> <!-- verifySmallBusiness_PayrollOptionTitleTest -->
        <test-method status="PASS" signature="teardown()[pri:0, instance:Testcases.HomePageTest@516be40f]" name="teardown" is-config="true" duration-ms="102" started-at="2020-07-05T22:14:33 EDT" finished-at="2020-07-05T22:14:33 EDT">
          <reporter-output>
          </reporter-output>
        </test-method> <!-- teardown -->
      </class> <!-- Testcases.HomePageTest -->
    </test> <!-- Regression Test chrome -->
  </suite> <!-- Regression Suite -->
</testng-results>
