<?xml version="1.0" encoding="UTF-8"?>
<!-- Generated by org.testng.reporters.JUnitReportReporter -->
<testsuite skipped="0" hostname="Chriss-MacBook-Pro.local" name="Testcases.HomePageTest" tests="29" failures="3" timestamp="2020-06-21T17:35:01 EDT" time="349.742" errors="0">
  <testcase name="checkCNCHoverOptions" time="12.126" classname="Testcases.HomePageTest"/>
  <system-out/>
  <testcase name="checkCNCHoverOptions" time="12.253" classname="Testcases.HomePageTest"/>
  <system-out/>
  <testcase name="checkCNCHoverOptions" time="11.183" classname="Testcases.HomePageTest">
    <failure type="java.lang.AssertionError" message="expected [true] but found [false]">
      <![CDATA[java.lang.AssertionError: expected [true] but found [false]
at org.testng.Assert.fail(Assert.java:97)
at org.testng.Assert.failNotEquals(Assert.java:969)
at org.testng.Assert.assertTrue(Assert.java:43)
at org.testng.Assert.assertTrue(Assert.java:53)
at Testcases.HomePageTest.checkCNCHoverOptions(HomePageTest.java:46)
at sun.reflect.NativeMethodAccessorImpl.invoke0(Native Method)
at sun.reflect.NativeMethodAccessorImpl.invoke(NativeMethodAccessorImpl.java:62)
at sun.reflect.DelegatingMethodAccessorImpl.invoke(DelegatingMethodAccessorImpl.java:43)
at java.lang.reflect.Method.invoke(Method.java:498)
at org.testng.internal.MethodInvocationHelper.invokeMethod(MethodInvocationHelper.java:134)
at org.testng.internal.TestInvoker.invokeMethod(TestInvoker.java:597)
at org.testng.internal.TestInvoker.invokeTestMethod(TestInvoker.java:173)
at org.testng.internal.MethodRunner.runInSequence(MethodRunner.java:46)
at org.testng.internal.TestInvoker$MethodInvocationAgent.invoke(TestInvoker.java:816)
at org.testng.internal.TestInvoker.invokeTestMethods(TestInvoker.java:146)
at org.testng.internal.TestMethodWorker.invokeTestMethods(TestMethodWorker.java:146)
at org.testng.internal.TestMethodWorker.run(TestMethodWorker.java:128)
at java.util.ArrayList.forEach(ArrayList.java:1257)
at org.testng.TestRunner.privateRun(TestRunner.java:766)
at org.testng.TestRunner.run(TestRunner.java:587)
at org.testng.SuiteRunner.runTest(SuiteRunner.java:384)
at org.testng.SuiteRunner.runSequentially(SuiteRunner.java:378)
at org.testng.SuiteRunner.privateRun(SuiteRunner.java:337)
at org.testng.SuiteRunner.run(SuiteRunner.java:286)
at org.testng.SuiteRunnerWorker.runSuite(SuiteRunnerWorker.java:53)
at org.testng.SuiteRunnerWorker.run(SuiteRunnerWorker.java:96)
at org.testng.TestNG.runSuitesSequentially(TestNG.java:1187)
at org.testng.TestNG.runSuitesLocally(TestNG.java:1109)
at org.testng.TestNG.runSuites(TestNG.java:1039)
at org.testng.TestNG.run(TestNG.java:1007)
at org.testng.remote.AbstractRemoteTestNG.run(AbstractRemoteTestNG.java:115)
at org.testng.remote.RemoteTestNG.initAndRun(RemoteTestNG.java:251)
at org.testng.remote.RemoteTestNG.main(RemoteTestNG.java:77)
]]>
    </failure>
  </testcase> <!-- checkCNCHoverOptions -->
  <system-out/>
  <testcase name="checkCNCHoverOptions" time="11.402" classname="Testcases.HomePageTest"/>
  <system-out/>
  <testcase name="checkCNCHoverOptions" time="11.601" classname="Testcases.HomePageTest"/>
  <system-out/>
  <testcase name="checkCNCHoverOptions" time="14.057" classname="Testcases.HomePageTest"/>
  <system-out/>
  <testcase name="checkCNCHoverOptions" time="11.692" classname="Testcases.HomePageTest"/>
  <system-out/>
  <testcase name="checkCNCHoverOptions" time="11.374" classname="Testcases.HomePageTest"/>
  <system-out/>
  <testcase name="checkCNCHoverOptions" time="12.268" classname="Testcases.HomePageTest"/>
  <system-out/>
  <testcase name="checkCNCHoverOptions" time="12.347" classname="Testcases.HomePageTest"/>
  <system-out/>
  <testcase name="checkCNCHoverOptions" time="11.929" classname="Testcases.HomePageTest"/>
  <system-out/>
  <testcase name="checkCNCHoverOptions" time="11.640" classname="Testcases.HomePageTest"/>
  <system-out/>
  <testcase name="checkCNCHoverOptions" time="11.043" classname="Testcases.HomePageTest"/>
  <system-out/>
  <testcase name="checkCNCHoverOptions" time="11.986" classname="Testcases.HomePageTest"/>
  <system-out/>
  <testcase name="checkCNCHoverOptions" time="11.078" classname="Testcases.HomePageTest"/>
  <system-out/>
  <testcase name="checkCNCHoverOptions" time="11.708" classname="Testcases.HomePageTest"/>
  <system-out/>
  <testcase name="checkCNCHoverOptions" time="12.791" classname="Testcases.HomePageTest"/>
  <system-out/>
  <testcase name="checkCNCHoverOptions" time="12.862" classname="Testcases.HomePageTest">
    <failure type="java.lang.AssertionError" message="expected [true] but found [false]">
      <![CDATA[java.lang.AssertionError: expected [true] but found [false]
at org.testng.Assert.fail(Assert.java:97)
at org.testng.Assert.failNotEquals(Assert.java:969)
at org.testng.Assert.assertTrue(Assert.java:43)
at org.testng.Assert.assertTrue(Assert.java:53)
at Testcases.HomePageTest.checkCNCHoverOptions(HomePageTest.java:46)
at sun.reflect.NativeMethodAccessorImpl.invoke0(Native Method)
at sun.reflect.NativeMethodAccessorImpl.invoke(NativeMethodAccessorImpl.java:62)
at sun.reflect.DelegatingMethodAccessorImpl.invoke(DelegatingMethodAccessorImpl.java:43)
at java.lang.reflect.Method.invoke(Method.java:498)
at org.testng.internal.MethodInvocationHelper.invokeMethod(MethodInvocationHelper.java:134)
at org.testng.internal.TestInvoker.invokeMethod(TestInvoker.java:597)
at org.testng.internal.TestInvoker.invokeTestMethod(TestInvoker.java:173)
at org.testng.internal.MethodRunner.runInSequence(MethodRunner.java:46)
at org.testng.internal.TestInvoker$MethodInvocationAgent.invoke(TestInvoker.java:816)
at org.testng.internal.TestInvoker.invokeTestMethods(TestInvoker.java:146)
at org.testng.internal.TestMethodWorker.invokeTestMethods(TestMethodWorker.java:146)
at org.testng.internal.TestMethodWorker.run(TestMethodWorker.java:128)
at java.util.ArrayList.forEach(ArrayList.java:1257)
at org.testng.TestRunner.privateRun(TestRunner.java:766)
at org.testng.TestRunner.run(TestRunner.java:587)
at org.testng.SuiteRunner.runTest(SuiteRunner.java:384)
at org.testng.SuiteRunner.runSequentially(SuiteRunner.java:378)
at org.testng.SuiteRunner.privateRun(SuiteRunner.java:337)
at org.testng.SuiteRunner.run(SuiteRunner.java:286)
at org.testng.SuiteRunnerWorker.runSuite(SuiteRunnerWorker.java:53)
at org.testng.SuiteRunnerWorker.run(SuiteRunnerWorker.java:96)
at org.testng.TestNG.runSuitesSequentially(TestNG.java:1187)
at org.testng.TestNG.runSuitesLocally(TestNG.java:1109)
at org.testng.TestNG.runSuites(TestNG.java:1039)
at org.testng.TestNG.run(TestNG.java:1007)
at org.testng.remote.AbstractRemoteTestNG.run(AbstractRemoteTestNG.java:115)
at org.testng.remote.RemoteTestNG.initAndRun(RemoteTestNG.java:251)
at org.testng.remote.RemoteTestNG.main(RemoteTestNG.java:77)
]]>
    </failure>
  </testcase> <!-- checkCNCHoverOptions -->
  <system-out/>
  <testcase name="checkCNCHoverOptions" time="11.536" classname="Testcases.HomePageTest"/>
  <system-out/>
  <testcase name="checkCNCHoverOptions" time="12.130" classname="Testcases.HomePageTest"/>
  <system-out/>
  <testcase name="checkCNCHoverOptions" time="11.415" classname="Testcases.HomePageTest"/>
  <system-out/>
  <testcase name="checkCNCHoverOptions" time="14.976" classname="Testcases.HomePageTest"/>
  <system-out/>
  <testcase name="checkCNCHoverOptions" time="12.565" classname="Testcases.HomePageTest"/>
  <system-out/>
  <testcase name="checkCNCHoverOptions" time="12.208" classname="Testcases.HomePageTest">
    <failure type="java.lang.AssertionError" message="expected [true] but found [false]">
      <![CDATA[java.lang.AssertionError: expected [true] but found [false]
at org.testng.Assert.fail(Assert.java:97)
at org.testng.Assert.failNotEquals(Assert.java:969)
at org.testng.Assert.assertTrue(Assert.java:43)
at org.testng.Assert.assertTrue(Assert.java:53)
at Testcases.HomePageTest.checkCNCHoverOptions(HomePageTest.java:46)
at sun.reflect.NativeMethodAccessorImpl.invoke0(Native Method)
at sun.reflect.NativeMethodAccessorImpl.invoke(NativeMethodAccessorImpl.java:62)
at sun.reflect.DelegatingMethodAccessorImpl.invoke(DelegatingMethodAccessorImpl.java:43)
at java.lang.reflect.Method.invoke(Method.java:498)
at org.testng.internal.MethodInvocationHelper.invokeMethod(MethodInvocationHelper.java:134)
at org.testng.internal.TestInvoker.invokeMethod(TestInvoker.java:597)
at org.testng.internal.TestInvoker.invokeTestMethod(TestInvoker.java:173)
at org.testng.internal.MethodRunner.runInSequence(MethodRunner.java:46)
at org.testng.internal.TestInvoker$MethodInvocationAgent.invoke(TestInvoker.java:816)
at org.testng.internal.TestInvoker.invokeTestMethods(TestInvoker.java:146)
at org.testng.internal.TestMethodWorker.invokeTestMethods(TestMethodWorker.java:146)
at org.testng.internal.TestMethodWorker.run(TestMethodWorker.java:128)
at java.util.ArrayList.forEach(ArrayList.java:1257)
at org.testng.TestRunner.privateRun(TestRunner.java:766)
at org.testng.TestRunner.run(TestRunner.java:587)
at org.testng.SuiteRunner.runTest(SuiteRunner.java:384)
at org.testng.SuiteRunner.runSequentially(SuiteRunner.java:378)
at org.testng.SuiteRunner.privateRun(SuiteRunner.java:337)
at org.testng.SuiteRunner.run(SuiteRunner.java:286)
at org.testng.SuiteRunnerWorker.runSuite(SuiteRunnerWorker.java:53)
at org.testng.SuiteRunnerWorker.run(SuiteRunnerWorker.java:96)
at org.testng.TestNG.runSuitesSequentially(TestNG.java:1187)
at org.testng.TestNG.runSuitesLocally(TestNG.java:1109)
at org.testng.TestNG.runSuites(TestNG.java:1039)
at org.testng.TestNG.run(TestNG.java:1007)
at org.testng.remote.AbstractRemoteTestNG.run(AbstractRemoteTestNG.java:115)
at org.testng.remote.RemoteTestNG.initAndRun(RemoteTestNG.java:251)
at org.testng.remote.RemoteTestNG.main(RemoteTestNG.java:77)
]]>
    </failure>
  </testcase> <!-- checkCNCHoverOptions -->
  <system-out/>
  <testcase name="checkCNCHoverOptions" time="12.487" classname="Testcases.HomePageTest"/>
  <system-out/>
  <testcase name="checkCNCHoverOptions" time="11.594" classname="Testcases.HomePageTest"/>
  <system-out/>
  <testcase name="checkCNCHoverOptions" time="11.203" classname="Testcases.HomePageTest"/>
  <system-out/>
  <testcase name="checkCNCHoverOptions" time="11.360" classname="Testcases.HomePageTest"/>
  <system-out/>
  <testcase name="checkCNCHoverOptions" time="12.928" classname="Testcases.HomePageTest"/>
  <system-out/>
</testsuite> <!-- Testcases.HomePageTest -->
